<?xml version="1.0" encoding="UTF-8"?>
<testsuite xmlns:xsi="http://www.w3.org/2001/XMLSchema-instance" xsi:noNamespaceSchemaLocation="https://maven.apache.org/surefire/maven-surefire-plugin/xsd/surefire-test-report-3.0.xsd" version="3.0" name="kz.proctoring.integration.AuthIntegrationTest" time="9.529" tests="1" errors="0" skipped="0" failures="0">
  <properties>
[...]
</properties>
  <testcase name="authEndpoint_shouldRespondWithoutServerError" classname="kz.proctoring.integration.AuthIntegrationTest" time="0.81">
    <system-out><![CDATA[2026-05-11T02:56:45.964+05:00  INFO 11720 --- [proctoring-system] [           main] t.c.s.AnnotationConfigContextLoaderUtils : Could not detect default configuration classes for test class [kz.proctoring.integration.AuthIntegrationTest]: AuthIntegrationTest does not declare any static, non-private, non-final, nested classes annotated with @Configuration.
2026-05-11T02:56:45.979+05:00  INFO 11720 --- [proctoring-system] [           main] .b.t.c.SpringBootTestContextBootstrapper : Found @SpringBootConfiguration kz.proctoring.ProctoringApplication for test class kz.proctoring.integration.AuthIntegrationTest
2026-05-11T02:56:45.985+05:00  INFO 11720 --- [proctoring-system] [           main] tc.confluentinc/cp-kafka:7.5.0           : Creating container for image: confluentinc/cp-kafka:7.5.0
2026-05-11T02:56:46.124+05:00  INFO 11720 --- [proctoring-system] [           main] tc.confluentinc/cp-kafka:7.5.0           : Container confluentinc/cp-kafka:7.5.0 is starting: 14f22b2d8cfb202082c150bda7d2abc1794c2dbeadaeed3850c7e507e31d8532
2026-05-11T02:56:46.142+05:00  INFO 11720 --- [proctoring-system] [ntainer#0-0-C-1] org.apache.kafka.clients.NetworkClient   : [Consumer clientId=consumer-proctoring-group-1, groupId=proctoring-group] Node 1 disconnected.
2026-05-11T02:56:46.142+05:00  WARN 11720 --- [proctoring-system] [ntainer#0-0-C-1] org.apache.kafka.clients.NetworkClient   : [Consumer clientId=consumer-proctoring-group-1, groupId=proctoring-group] Connection to node 1 (localhost/127.0.0.1:50970) could not be established. Broker may not be available.
2026-05-11T02:56:46.647+05:00  INFO 11720 --- [proctoring-system] [ntainer#0-0-C-1] org.apache.kafka.clients.NetworkClient   : [Consumer clientId=consumer-proctoring-group-1, groupId=proctoring-group] Node 1 disconnected.
2026-05-11T02:56:46.647+05:00  WARN 11720 --- [proctoring-system] [ntainer#0-0-C-1] org.apache.kafka.clients.NetworkClient   : [Consumer clientId=consumer-proctoring-group-1, groupId=proctoring-group] Connection to node 1 (localhost/127.0.0.1:50970) could not be established. Broker may not be available.
2026-05-11T02:56:47.560+05:00  INFO 11720 --- [proctoring-system] [ntainer#0-0-C-1] org.apache.kafka.clients.NetworkClient   : [Consumer clientId=consumer-proctoring-group-1, groupId=proctoring-group] Node 1 disconnected.
2026-05-11T02:56:47.560+05:00  WARN 11720 --- [proctoring-system] [ntainer#0-0-C-1] org.apache.kafka.clients.NetworkClient   : [Consumer clientId=consumer-proctoring-group-1, groupId=proctoring-group] Connection to node 1 (localhost/127.0.0.1:50970) could not be established. Broker may not be available.
2026-05-11T02:56:48.418+05:00  INFO 11720 --- [proctoring-system] [ntainer#0-0-C-1] org.apache.kafka.clients.NetworkClient   : [Consumer clientId=consumer-proctoring-group-1, groupId=proctoring-group] Node 1 disconnected.
2026-05-11T02:56:48.418+05:00  WARN 11720 --- [proctoring-system] [ntainer#0-0-C-1] org.apache.kafka.clients.NetworkClient   : [Consumer clientId=consumer-proctoring-group-1, groupId=proctoring-group] Connection to node 1 (localhost/127.0.0.1:50970) could not be established. Broker may not be available.
2026-05-11T02:56:49.344+05:00  INFO 11720 --- [proctoring-system] [ntainer#0-0-C-1] org.apache.kafka.clients.NetworkClient   : [Consumer clientId=consumer-proctoring-group-1, groupId=proctoring-group] Node 1 disconnected.
2026-05-11T02:56:49.344+05:00  WARN 11720 --- [proctoring-system] [ntainer#0-0-C-1] org.apache.kafka.clients.NetworkClient   : [Consumer clientId=consumer-proctoring-group-1, groupId=proctoring-group] Connection to node 1 (localhost/127.0.0.1:50970) could not be established. Broker may not be available.
2026-05-11T02:56:49.487+05:00  INFO 11720 --- [proctoring-system] [           main] tc.confluentinc/cp-kafka:7.5.0           : Container confluentinc/cp-kafka:7.5.0 started in PT3.5014633S
2026-05-11T02:56:49.487+05:00  INFO 11720 --- [proctoring-system] [           main] tc.redis:7-alpine                        : Creating container for image: redis:7-alpine
2026-05-11T02:56:49.636+05:00  INFO 11720 --- [proctoring-system] [           main] tc.redis:7-alpine                        : Container redis:7-alpine is starting: fca55b8b43763c4dfeee049a38b712c112da20f5278ca9afe9ca8c25efffe7ae
2026-05-11T02:56:49.942+05:00  INFO 11720 --- [proctoring-system] [           main] tc.redis:7-alpine                        : Container redis:7-alpine started in PT0.4545833S
2026-05-11T02:56:49.943+05:00  INFO 11720 --- [proctoring-system] [           main] tc.postgres:16-alpine                    : Creating container for image: postgres:16-alpine
2026-05-11T02:56:50.083+05:00  INFO 11720 --- [proctoring-system] [           main] tc.postgres:16-alpine                    : Container postgres:16-alpine is starting: 1ec0830da89d9e4fcb0b13d5c0af0b4b3a51a00d8c5f8a233bf85f777c67bb18
2026-05-11T02:56:50.529+05:00  INFO 11720 --- [proctoring-system] [ntainer#0-0-C-1] org.apache.kafka.clients.NetworkClient   : [Consumer clientId=consumer-proctoring-group-1, groupId=proctoring-group] Node 1 disconnected.
2026-05-11T02:56:50.529+05:00  WARN 11720 --- [proctoring-system] [ntainer#0-0-C-1] org.apache.kafka.clients.NetworkClient   : [Consumer clientId=consumer-proctoring-group-1, groupId=proctoring-group] Connection to node 1 (localhost/127.0.0.1:50970) could not be established. Broker may not be available.
2026-05-11T02:56:51.413+05:00  INFO 11720 --- [proctoring-system] [ntainer#0-0-C-1] org.apache.kafka.clients.NetworkClient   : [Consumer clientId=consumer-proctoring-group-1, groupId=proctoring-group] Node 1 disconnected.
2026-05-11T02:56:51.413+05:00  WARN 11720 --- [proctoring-system] [ntainer#0-0-C-1] org.apache.kafka.clients.NetworkClient   : [Consumer clientId=consumer-proctoring-group-1, groupId=proctoring-group] Connection to node 1 (localhost/127.0.0.1:50970) could not be established. Broker may not be available.
2026-05-11T02:56:51.910+05:00  INFO 11720 --- [proctoring-system] [           main] tc.postgres:16-alpine                    : Container postgres:16-alpine started in PT1.9670011S
2026-05-11T02:56:51.910+05:00  INFO 11720 --- [proctoring-system] [           main] tc.postgres:16-alpine                    : Container is started (JDBC URL: jdbc:postgresql://localhost:51009/proctoring_test?loggerLevel=OFF)

  .   ____          _            __ _ _
 /\\ / ___'_ __ _ _(_)_ __  __ _ \ \ \ \
( ( )\___ | '_ | '_| | '_ \/ _` | \ \ \ \
 \\/  ___)| |_)| | | | | || (_| |  ) ) ) )
  '  |____| .__|_| |_|_| |_\__, | / / / /
 =========|_|==============|___/=/_/_/_/
 :: Spring Boot ::                (v3.2.5)

2026-05-11T02:56:51.925+05:00  INFO 11720 --- [proctoring-system] [           main] k.p.integration.AuthIntegrationTest      : Starting AuthIntegrationTest using Java 17.0.17 with PID 11720 (started by prpl in C:\Users\prpl\Desktop\proctoring-system2)
2026-05-11T02:56:51.925+05:00 DEBUG 11720 --- [proctoring-system] [           main] k.p.integration.AuthIntegrationTest      : Running with Spring Boot v3.2.5, Spring v6.1.6
2026-05-11T02:56:51.925+05:00  INFO 11720 --- [proctoring-system] [           main] k.p.integration.AuthIntegrationTest      : No active profile set, falling back to 1 default profile: "default"
2026-05-11T02:56:52.155+05:00  INFO 11720 --- [proctoring-system] [           main] .s.d.r.c.RepositoryConfigurationDelegate : Multiple Spring Data modules found, entering strict repository configuration mode
2026-05-11T02:56:52.155+05:00  INFO 11720 --- [proctoring-system] [           main] .s.d.r.c.RepositoryConfigurationDelegate : Bootstrapping Spring Data JPA repositories in DEFAULT mode.
2026-05-11T02:56:52.179+05:00  INFO 11720 --- [proctoring-system] [           main] .s.d.r.c.RepositoryConfigurationDelegate : Finished Spring Data repository scanning in 20 ms. Found 5 JPA repository interfaces.
2026-05-11T02:56:52.179+05:00  INFO 11720 --- [proctoring-system] [           main] .s.d.r.c.RepositoryConfigurationDelegate : Multiple Spring Data modules found, entering strict repository configuration mode
2026-05-11T02:56:52.179+05:00  INFO 11720 --- [proctoring-system] [           main] .s.d.r.c.RepositoryConfigurationDelegate : Bootstrapping Spring Data Redis repositories in DEFAULT mode.
2026-05-11T02:56:52.179+05:00  INFO 11720 --- [proctoring-system] [           main] .RepositoryConfigurationExtensionSupport : Spring Data Redis - Could not safely identify store assignment for repository candidate interface kz.proctoring.repository.AuditLogRepository; If you want this repository to be a Redis repository, consider annotating your entities with one of these annotations: org.springframework.data.redis.core.RedisHash (preferred), or consider extending one of the following types with your repository: org.springframework.data.keyvalue.repository.KeyValueRepository
2026-05-11T02:56:52.179+05:00  INFO 11720 --- [proctoring-system] [           main] .RepositoryConfigurationExtensionSupport : Spring Data Redis - Could not safely identify store assignment for repository candidate interface kz.proctoring.repository.ExamRepository; If you want this repository to be a Redis repository, consider annotating your entities with one of these annotations: org.springframework.data.redis.core.RedisHash (preferred), or consider extending one of the following types with your repository: org.springframework.data.keyvalue.repository.KeyValueRepository
2026-05-11T02:56:52.179+05:00  INFO 11720 --- [proctoring-system] [           main] .RepositoryConfigurationExtensionSupport : Spring Data Redis - Could not safely identify store assignment for repository candidate interface kz.proctoring.repository.ExamSessionRepository; If you want this repository to be a Redis repository, consider annotating your entities with one of these annotations: org.springframework.data.redis.core.RedisHash (preferred), or consider extending one of the following types with your repository: org.springframework.data.keyvalue.repository.KeyValueRepository
2026-05-11T02:56:52.179+05:00  INFO 11720 --- [proctoring-system] [           main] .RepositoryConfigurationExtensionSupport : Spring Data Redis - Could not safely identify store assignment for repository candidate interface kz.proctoring.repository.SessionEventRepository; If you want this repository to be a Redis repository, consider annotating your entities with one of these annotations: org.springframework.data.redis.core.RedisHash (preferred), or consider extending one of the following types with your repository: org.springframework.data.keyvalue.repository.KeyValueRepository
2026-05-11T02:56:52.179+05:00  INFO 11720 --- [proctoring-system] [           main] .RepositoryConfigurationExtensionSupport : Spring Data Redis - Could not safely identify store assignment for repository candidate interface kz.proctoring.repository.UserRepository; If you want this repository to be a Redis repository, consider annotating your entities with one of these annotations: org.springframework.data.redis.core.RedisHash (preferred), or consider extending one of the following types with your repository: org.springframework.data.keyvalue.repository.KeyValueRepository
2026-05-11T02:56:52.179+05:00  INFO 11720 --- [proctoring-system] [           main] .s.d.r.c.RepositoryConfigurationDelegate : Finished Spring Data repository scanning in 2 ms. Found 0 Redis repository interfaces.
2026-05-11T02:56:52.275+05:00  INFO 11720 --- [proctoring-system] [           main] com.zaxxer.hikari.HikariDataSource       : HikariPool-2 - Starting...
2026-05-11T02:56:52.309+05:00  INFO 11720 --- [proctoring-system] [           main] com.zaxxer.hikari.pool.HikariPool        : HikariPool-2 - Added connection org.postgresql.jdbc.PgConnection@6393a745
2026-05-11T02:56:52.309+05:00  INFO 11720 --- [proctoring-system] [           main] com.zaxxer.hikari.HikariDataSource       : HikariPool-2 - Start completed.
2026-05-11T02:56:52.317+05:00  INFO 11720 --- [proctoring-system] [           main] liquibase.database                       : Set default schema name to public
2026-05-11T02:56:52.339+05:00  INFO 11720 --- [proctoring-system] [           main] liquibase.changelog                      : Creating database history table with name: public.databasechangelog
2026-05-11T02:56:52.345+05:00  INFO 11720 --- [proctoring-system] [           main] liquibase.changelog                      : Reading from public.databasechangelog
2026-05-11T02:56:52.372+05:00  INFO 11720 --- [proctoring-system] [           main] liquibase.lockservice                    : Successfully acquired change log lock
2026-05-11T02:56:52.373+05:00  INFO 11720 --- [proctoring-system] [           main] liquibase.command                        : Using deploymentId: 8450212373
2026-05-11T02:56:52.374+05:00  INFO 11720 --- [proctoring-system] [           main] liquibase.changelog                      : Reading from public.databasechangelog
Running Changeset: db/changelog/001-init.sql::001-init::dev
2026-05-11T02:56:52.411+05:00  INFO 11720 --- [proctoring-system] [           main] liquibase.changelog                      : Custom SQL executed
2026-05-11T02:56:52.413+05:00  INFO 11720 --- [proctoring-system] [           main] liquibase.changelog                      : ChangeSet db/changelog/001-init.sql::001-init::dev ran successfully in 36ms
Running Changeset: db/changelog/002-seed.sql::002-seed::dev
2026-05-11T02:56:52.425+05:00  INFO 11720 --- [proctoring-system] [           main] liquibase.changelog                      : Custom SQL executed
2026-05-11T02:56:52.428+05:00  INFO 11720 --- [proctoring-system] [           main] liquibase.changelog                      : ChangeSet db/changelog/002-seed.sql::002-seed::dev ran successfully in 9ms
2026-05-11T02:56:52.433+05:00  INFO 11720 --- [proctoring-system] [           main] liquibase.util                           : UPDATE SUMMARY
2026-05-11T02:56:52.433+05:00  INFO 11720 --- [proctoring-system] [           main] liquibase.util                           : Run:                          2
2026-05-11T02:56:52.433+05:00  INFO 11720 --- [proctoring-system] [           main] liquibase.util                           : Previously run:               0
2026-05-11T02:56:52.433+05:00  INFO 11720 --- [proctoring-system] [           main] liquibase.util                           : Filtered out:                 0
2026-05-11T02:56:52.433+05:00  INFO 11720 --- [proctoring-system] [           main] liquibase.util                           : -------------------------------
2026-05-11T02:56:52.433+05:00  INFO 11720 --- [proctoring-system] [           main] liquibase.util                           : Total change sets:            2
2026-05-11T02:56:52.433+05:00  INFO 11720 --- [proctoring-system] [           main] liquibase.util                           : Update summary generated
2026-05-11T02:56:52.433+05:00  INFO 11720 --- [proctoring-system] [           main] liquibase.command                        : Update command completed successfully.
Liquibase: Update has been successful. Rows affected: 4
2026-05-11T02:56:52.437+05:00  INFO 11720 --- [proctoring-system] [           main] liquibase.lockservice                    : Successfully released change log lock
2026-05-11T02:56:52.439+05:00  INFO 11720 --- [proctoring-system] [           main] liquibase.command                        : Command execution complete
2026-05-11T02:56:52.482+05:00  INFO 11720 --- [proctoring-system] [           main] o.hibernate.jpa.internal.util.LogHelper  : HHH000204: Processing PersistenceUnitInfo [name: default]
2026-05-11T02:56:52.485+05:00  INFO 11720 --- [proctoring-system] [           main] o.h.c.internal.RegionFactoryInitiator    : HHH000026: Second-level cache disabled
2026-05-11T02:56:52.489+05:00  INFO 11720 --- [proctoring-system] [           main] o.s.o.j.p.SpringPersistenceUnitInfo      : No LoadTimeWeaver setup: ignoring JPA class transformer
2026-05-11T02:56:52.490+05:00  WARN 11720 --- [proctoring-system] [           main] org.hibernate.orm.deprecation            : HHH90000025: PostgreSQLDialect does not need to be specified explicitly using 'hibernate.dialect' (remove the property setting and it will be selected by default)
2026-05-11T02:56:52.557+05:00  INFO 11720 --- [proctoring-system] [ntainer#0-0-C-1] org.apache.kafka.clients.NetworkClient   : [Consumer clientId=consumer-proctoring-group-1, groupId=proctoring-group] Node 1 disconnected.
2026-05-11T02:56:52.558+05:00  WARN 11720 --- [proctoring-system] [ntainer#0-0-C-1] org.apache.kafka.clients.NetworkClient   : [Consumer clientId=consumer-proctoring-group-1, groupId=proctoring-group] Connection to node 1 (localhost/127.0.0.1:50970) could not be established. Broker may not be available.
2026-05-11T02:56:52.639+05:00  INFO 11720 --- [proctoring-system] [           main] o.h.e.t.j.p.i.JtaPlatformInitiator       : HHH000489: No JTA platform available (set 'hibernate.transaction.jta.platform' to enable JTA platform integration)
2026-05-11T02:56:52.649+05:00  INFO 11720 --- [proctoring-system] [           main] j.LocalContainerEntityManagerFactoryBean : Initialized JPA EntityManagerFactory for persistence unit 'default'
2026-05-11T02:56:52.910+05:00  WARN 11720 --- [proctoring-system] [           main] JpaBaseConfiguration$JpaWebConfiguration : spring.jpa.open-in-view is enabled by default. Therefore, database queries may be performed during view rendering. Explicitly configure spring.jpa.open-in-view to disable this warning
2026-05-11T02:56:53.082+05:00  INFO 11720 --- [proctoring-system] [           main] o.s.b.a.e.web.EndpointLinksResolver      : Exposing 3 endpoint(s) beneath base path '/actuator'
2026-05-11T02:56:53.117+05:00  INFO 11720 --- [proctoring-system] [           main] o.s.s.web.DefaultSecurityFilterChain     : Will secure any request with [org.springframework.security.web.session.DisableEncodeUrlFilter@28c92c51, org.springframework.security.web.context.request.async.WebAsyncManagerIntegrationFilter@6c472bce, org.springframework.security.web.context.SecurityContextHolderFilter@bc60f71, org.springframework.security.web.header.HeaderWriterFilter@44fcf2b2, org.springframework.web.filter.CorsFilter@13a5e115, org.springframework.security.web.authentication.logout.LogoutFilter@6b906d88, kz.proctoring.security.JwtAuthFilter@7fce4c0b, org.springframework.security.web.savedrequest.RequestCacheAwareFilter@28f871d1, org.springframework.security.web.servletapi.SecurityContextHolderAwareRequestFilter@3fa5c9ae, org.springframework.security.web.authentication.AnonymousAuthenticationFilter@58544d28, org.springframework.security.web.session.SessionManagementFilter@4a73cc75, org.springframework.security.web.access.ExceptionTranslationFilter@8eebc81, org.springframework.security.web.access.intercept.AuthorizationFilter@258c38ce]
2026-05-11T02:56:53.409+05:00 DEBUG 11720 --- [proctoring-system] [           main] kz.proctoring.security.JwtAuthFilter     : Filter 'jwtAuthFilter' configured for use
2026-05-11T02:56:53.409+05:00  INFO 11720 --- [proctoring-system] [           main] o.s.b.t.m.w.SpringBootMockServletContext : Initializing Spring TestDispatcherServlet ''
2026-05-11T02:56:53.409+05:00  INFO 11720 --- [proctoring-system] [           main] o.s.t.web.servlet.TestDispatcherServlet  : Initializing Servlet ''
2026-05-11T02:56:53.409+05:00  INFO 11720 --- [proctoring-system] [           main] o.s.t.web.servlet.TestDispatcherServlet  : Completed initialization in 0 ms
2026-05-11T02:56:53.425+05:00  INFO 11720 --- [proctoring-system] [           main] o.a.k.clients.consumer.ConsumerConfig    : ConsumerConfig values: 
	allow.auto.create.topics = true
	auto.commit.interval.ms = 5000
	auto.include.jmx.reporter = true
	auto.offset.reset = earliest
	bootstrap.servers = [PLAINTEXT://localhost:51000]
	check.crcs = true
	client.dns.lookup = use_all_dns_ips
	client.id = consumer-proctoring-group-2
	client.rack = 
	connections.max.idle.ms = 540000
	default.api.timeout.ms = 60000
	enable.auto.commit = false
	exclude.internal.topics = true
	fetch.max.bytes = 52428800
	fetch.max.wait.ms = 500
	fetch.min.bytes = 1
	group.id = proctoring-group
	group.instance.id = null
	heartbeat.interval.ms = 3000
	interceptor.classes = []
	internal.leave.group.on.close = true
	internal.throw.on.fetch.stable.offset.unsupported = false
	isolation.level = read_uncommitted
	key.deserializer = class org.apache.kafka.common.serialization.StringDeserializer
	max.partition.fetch.bytes = 1048576
	max.poll.interval.ms = 300000
	max.poll.records = 500
	metadata.max.age.ms = 300000
	metric.reporters = []
	metrics.num.samples = 2
	metrics.recording.level = INFO
	metrics.sample.window.ms = 30000
	partition.assignment.strategy = [class org.apache.kafka.clients.consumer.RangeAssignor, class org.apache.kafka.clients.consumer.CooperativeStickyAssignor]
	receive.buffer.bytes = 65536
	reconnect.backoff.max.ms = 1000
	reconnect.backoff.ms = 50
	request.timeout.ms = 30000
	retry.backoff.ms = 100
	sasl.client.callback.handler.class = null
	sasl.jaas.config = null
	sasl.kerberos.kinit.cmd = /usr/bin/kinit
	sasl.kerberos.min.time.before.relogin = 60000
	sasl.kerberos.service.name = null
	sasl.kerberos.ticket.renew.jitter = 0.05
	sasl.kerberos.ticket.renew.window.factor = 0.8
	sasl.login.callback.handler.class = null
	sasl.login.class = null
	sasl.login.connect.timeout.ms = null
	sasl.login.read.timeout.ms = null
	sasl.login.refresh.buffer.seconds = 300
	sasl.login.refresh.min.period.seconds = 60
	sasl.login.refresh.window.factor = 0.8
	sasl.login.refresh.window.jitter = 0.05
	sasl.login.retry.backoff.max.ms = 10000
	sasl.login.retry.backoff.ms = 100
	sasl.mechanism = GSSAPI
	sasl.oauthbearer.clock.skew.seconds = 30
	sasl.oauthbearer.expected.audience = null
	sasl.oauthbearer.expected.issuer = null
	sasl.oauthbearer.jwks.endpoint.refresh.ms = 3600000
	sasl.oauthbearer.jwks.endpoint.retry.backoff.max.ms = 10000
	sasl.oauthbearer.jwks.endpoint.retry.backoff.ms = 100
	sasl.oauthbearer.jwks.endpoint.url = null
	sasl.oauthbearer.scope.claim.name = scope
	sasl.oauthbearer.sub.claim.name = sub
	sasl.oauthbearer.token.endpoint.url = null
	security.protocol = PLAINTEXT
	security.providers = null
	send.buffer.bytes = 131072
	session.timeout.ms = 45000
	socket.connection.setup.timeout.max.ms = 30000
	socket.connection.setup.timeout.ms = 10000
	ssl.cipher.suites = null
	ssl.enabled.protocols = [TLSv1.2, TLSv1.3]
	ssl.endpoint.identification.algorithm = https
	ssl.engine.factory.class = null
	ssl.key.password = null
	ssl.keymanager.algorithm = SunX509
	ssl.keystore.certificate.chain = null
	ssl.keystore.key = null
	ssl.keystore.location = null
	ssl.keystore.password = null
	ssl.keystore.type = JKS
	ssl.protocol = TLSv1.3
	ssl.provider = null
	ssl.secure.random.implementation = null
	ssl.trustmanager.algorithm = PKIX
	ssl.truststore.certificates = null
	ssl.truststore.location = null
	ssl.truststore.password = null
	ssl.truststore.type = JKS
	value.deserializer = class org.springframework.kafka.support.serializer.JsonDeserializer

2026-05-11T02:56:53.425+05:00  INFO 11720 --- [proctoring-system] [           main] o.a.kafka.common.utils.AppInfoParser     : Kafka version: 3.6.2
2026-05-11T02:56:53.425+05:00  INFO 11720 --- [proctoring-system] [           main] o.a.kafka.common.utils.AppInfoParser     : Kafka commitId: c4deed513057c94e
2026-05-11T02:56:53.425+05:00  INFO 11720 --- [proctoring-system] [           main] o.a.kafka.common.utils.AppInfoParser     : Kafka startTimeMs: 1778450213425
2026-05-11T02:56:53.425+05:00  INFO 11720 --- [proctoring-system] [           main] fkaConsumerFactory$ExtendedKafkaConsumer : [Consumer clientId=consumer-proctoring-group-2, groupId=proctoring-group] Subscribed to topic(s): proctoring-events
2026-05-11T02:56:53.447+05:00  INFO 11720 --- [proctoring-system] [           main] k.p.integration.AuthIntegrationTest      : Started AuthIntegrationTest in 1.536 seconds (process running for 31.85)
2026-05-11T02:56:53.510+05:00  WARN 11720 --- [proctoring-system] [ntainer#0-0-C-1] org.apache.kafka.clients.NetworkClient   : [Consumer clientId=consumer-proctoring-group-2, groupId=proctoring-group] Error while fetching metadata with correlation id 2 : {proctoring-events=LEADER_NOT_AVAILABLE}
2026-05-11T02:56:53.510+05:00  INFO 11720 --- [proctoring-system] [ntainer#0-0-C-1] org.apache.kafka.clients.Metadata        : [Consumer clientId=consumer-proctoring-group-2, groupId=proctoring-group] Cluster ID: BnMjtvFpSYamCmZGpWRtGg
2026-05-11T02:56:53.637+05:00  WARN 11720 --- [proctoring-system] [ntainer#0-0-C-1] org.apache.kafka.clients.NetworkClient   : [Consumer clientId=consumer-proctoring-group-2, groupId=proctoring-group] Error while fetching metadata with correlation id 4 : {proctoring-events=LEADER_NOT_AVAILABLE}
2026-05-11T02:56:53.748+05:00  INFO 11720 --- [proctoring-system] [ntainer#0-0-C-1] o.a.k.c.c.internals.ConsumerCoordinator  : [Consumer clientId=consumer-proctoring-group-2, groupId=proctoring-group] Discovered group coordinator localhost:51000 (id: 2147483646 rack: null)
2026-05-11T02:56:53.749+05:00  INFO 11720 --- [proctoring-system] [ntainer#0-0-C-1] o.a.k.c.c.internals.ConsumerCoordinator  : [Consumer clientId=consumer-proctoring-group-2, groupId=proctoring-group] (Re-)joining group
2026-05-11T02:56:53.750+05:00  INFO 11720 --- [proctoring-system] [ntainer#0-0-C-1] org.apache.kafka.clients.NetworkClient   : [Consumer clientId=consumer-proctoring-group-1, groupId=proctoring-group] Node 1 disconnected.
2026-05-11T02:56:53.751+05:00  WARN 11720 --- [proctoring-system] [ntainer#0-0-C-1] org.apache.kafka.clients.NetworkClient   : [Consumer clientId=consumer-proctoring-group-1, groupId=proctoring-group] Connection to node 1 (localhost/127.0.0.1:50970) could not be established. Broker may not be available.
2026-05-11T02:56:53.770+05:00  INFO 11720 --- [proctoring-system] [ntainer#0-0-C-1] o.a.k.c.c.internals.ConsumerCoordinator  : [Consumer clientId=consumer-proctoring-group-2, groupId=proctoring-group] Request joining group due to: need to re-join with the given member-id: consumer-proctoring-group-2-0f95f186-2fc4-4590-8e72-48bb61dc0cd5
2026-05-11T02:56:53.771+05:00  INFO 11720 --- [proctoring-system] [ntainer#0-0-C-1] o.a.k.c.c.internals.ConsumerCoordinator  : [Consumer clientId=consumer-proctoring-group-2, groupId=proctoring-group] Request joining group due to: rebalance failed due to 'The group member needs to have a valid member id before actually entering a consumer group.' (MemberIdRequiredException)
2026-05-11T02:56:53.771+05:00  INFO 11720 --- [proctoring-system] [ntainer#0-0-C-1] o.a.k.c.c.internals.ConsumerCoordinator  : [Consumer clientId=consumer-proctoring-group-2, groupId=proctoring-group] (Re-)joining group
2026-05-11T02:56:53.789+05:00  INFO 11720 --- [proctoring-system] [ntainer#0-0-C-1] o.a.k.c.c.internals.ConsumerCoordinator  : [Consumer clientId=consumer-proctoring-group-2, groupId=proctoring-group] Successfully joined group with generation Generation{generationId=1, memberId='consumer-proctoring-group-2-0f95f186-2fc4-4590-8e72-48bb61dc0cd5', protocol='range'}
2026-05-11T02:56:53.790+05:00  INFO 11720 --- [proctoring-system] [ntainer#0-0-C-1] o.a.k.c.c.internals.ConsumerCoordinator  : [Consumer clientId=consumer-proctoring-group-2, groupId=proctoring-group] Finished assignment for group at generation 1: {consumer-proctoring-group-2-0f95f186-2fc4-4590-8e72-48bb61dc0cd5=Assignment(partitions=[proctoring-events-0])}
2026-05-11T02:56:53.827+05:00  INFO 11720 --- [proctoring-system] [ntainer#0-0-C-1] o.a.k.c.c.internals.ConsumerCoordinator  : [Consumer clientId=consumer-proctoring-group-2, groupId=proctoring-group] Successfully synced group in generation Generation{generationId=1, memberId='consumer-proctoring-group-2-0f95f186-2fc4-4590-8e72-48bb61dc0cd5', protocol='range'}
2026-05-11T02:56:53.828+05:00  INFO 11720 --- [proctoring-system] [ntainer#0-0-C-1] o.a.k.c.c.internals.ConsumerCoordinator  : [Consumer clientId=consumer-proctoring-group-2, groupId=proctoring-group] Notifying assignor about the new Assignment(partitions=[proctoring-events-0])
2026-05-11T02:56:53.828+05:00  INFO 11720 --- [proctoring-system] [ntainer#0-0-C-1] o.a.k.c.c.internals.ConsumerCoordinator  : [Consumer clientId=consumer-proctoring-group-2, groupId=proctoring-group] Adding newly assigned partitions: proctoring-events-0
2026-05-11T02:56:53.838+05:00  INFO 11720 --- [proctoring-system] [ntainer#0-0-C-1] o.a.k.c.c.internals.ConsumerCoordinator  : [Consumer clientId=consumer-proctoring-group-2, groupId=proctoring-group] Found no committed offset for partition proctoring-events-0
2026-05-11T02:56:53.846+05:00  INFO 11720 --- [proctoring-system] [ntainer#0-0-C-1] o.a.k.c.c.internals.SubscriptionState    : [Consumer clientId=consumer-proctoring-group-2, groupId=proctoring-group] Resetting offset for partition proctoring-events-0 to position FetchPosition{offset=0, offsetEpoch=Optional.empty, currentLeader=LeaderAndEpoch{leader=Optional[localhost:51000 (id: 1 rack: null)], epoch=0}}.
2026-05-11T02:56:53.846+05:00  INFO 11720 --- [proctoring-system] [ntainer#0-0-C-1] o.s.k.l.KafkaMessageListenerContainer    : proctoring-group: partitions assigned: [proctoring-events-0]
]]></system-out>
  </testcase>
</testsuite>